This is pdfTeX, Version 3.14159265-2.6-1.40.15 (TeX Live 2014) (preloaded format=pdflatex 2015.3.7)  26 APR 2015 20:25
entering extended mode
 restricted \write18 enabled.
 %&-line parsing enabled.
**Main.tex
(./Main.tex
LaTeX2e <2014/05/01>
Babel <3.9k> and hyphenation patterns for 78 languages loaded.
(./content/definitions.tex
(/usr/local/texlive/2014/texmf-dist/tex/latex/base/article.cls
Document Class: article 2007/10/19 v1.4h Standard LaTeX document class
(/usr/local/texlive/2014/texmf-dist/tex/latex/base/size12.clo
File: size12.clo 2007/10/19 v1.4h Standard LaTeX file (size option)
)
\c@part=\count79
\c@section=\count80
\c@subsection=\count81
\c@subsubsection=\count82
\c@paragraph=\count83
\c@subparagraph=\count84
\c@figure=\count85
\c@table=\count86
\abovecaptionskip=\skip41
\belowcaptionskip=\skip42
\bibindent=\dimen102
)
(/usr/local/texlive/2014/texmf-dist/tex/generic/babel/babel.sty
Package: babel 2014/03/24 3.9k The Babel package

(/usr/local/texlive/2014/texmf-dist/tex/generic/babel-german/ngerman.ldf
Language: ngerman 2013/12/13 v2.7 German support for babel (new orthography)

(/usr/local/texlive/2014/texmf-dist/tex/generic/babel-german/ngermanb.ldf
Language: ngermanb 2013/12/13 v2.7 German support for babel (new orthography)

(/usr/local/texlive/2014/texmf-dist/tex/generic/babel/babel.def
File: babel.def 2014/03/24 3.9k Babel common definitions
\babel@savecnt=\count87
\U@D=\dimen103
)
\l@naustrian = a dialect from \language\l@ngerman 
\l@nswissgerman = a dialect from \language\l@ngerman 
Package babel Info: Making " an active character on input line 88.
)))
(/usr/local/texlive/2014/texmf-dist/tex/latex/base/inputenc.sty
Package: inputenc 2014/04/30 v1.2b Input encoding file
\inpenc@prehook=\toks14
\inpenc@posthook=\toks15

(/usr/local/texlive/2014/texmf-dist/tex/latex/base/utf8.def
File: utf8.def 2008/04/05 v1.1m UTF-8 support for inputenc
Now handling font encoding OML ...
... no UTF-8 mapping file for font encoding OML
Now handling font encoding T1 ...
... processing UTF-8 mapping file for font encoding T1

(/usr/local/texlive/2014/texmf-dist/tex/latex/base/t1enc.dfu
File: t1enc.dfu 2008/04/05 v1.1m UTF-8 support for inputenc
   defining Unicode char U+00A1 (decimal 161)
   defining Unicode char U+00A3 (decimal 163)
   defining Unicode char U+00AB (decimal 171)
   defining Unicode char U+00BB (decimal 187)
   defining Unicode char U+00BF (decimal 191)
   defining Unicode char U+00C0 (decimal 192)
   defining Unicode char U+00C1 (decimal 193)
   defining Unicode char U+00C2 (decimal 194)
   defining Unicode char U+00C3 (decimal 195)
   defining Unicode char U+00C4 (decimal 196)
   defining Unicode char U+00C5 (decimal 197)
   defining Unicode char U+00C6 (decimal 198)
   defining Unicode char U+00C7 (decimal 199)
   defining Unicode char U+00C8 (decimal 200)
   defining Unicode char U+00C9 (decimal 201)
   defining Unicode char U+00CA (decimal 202)
   defining Unicode char U+00CB (decimal 203)
   defining Unicode char U+00CC (decimal 204)
   defining Unicode char U+00CD (decimal 205)
   defining Unicode char U+00CE (decimal 206)
   defining Unicode char U+00CF (decimal 207)
   defining Unicode char U+00D0 (decimal 208)
   defining Unicode char U+00D1 (decimal 209)
   defining Unicode char U+00D2 (decimal 210)
   defining Unicode char U+00D3 (decimal 211)
   defining Unicode char U+00D4 (decimal 212)
   defining Unicode char U+00D5 (decimal 213)
   defining Unicode char U+00D6 (decimal 214)
   defining Unicode char U+00D8 (decimal 216)
   defining Unicode char U+00D9 (decimal 217)
   defining Unicode char U+00DA (decimal 218)
   defining Unicode char U+00DB (decimal 219)
   defining Unicode char U+00DC (decimal 220)
   defining Unicode char U+00DD (decimal 221)
   defining Unicode char U+00DE (decimal 222)
   defining Unicode char U+00DF (decimal 223)
   defining Unicode char U+00E0 (decimal 224)
   defining Unicode char U+00E1 (decimal 225)
   defining Unicode char U+00E2 (decimal 226)
   defining Unicode char U+00E3 (decimal 227)
   defining Unicode char U+00E4 (decimal 228)
   defining Unicode char U+00E5 (decimal 229)
   defining Unicode char U+00E6 (decimal 230)
   defining Unicode char U+00E7 (decimal 231)
   defining Unicode char U+00E8 (decimal 232)
   defining Unicode char U+00E9 (decimal 233)
   defining Unicode char U+00EA (decimal 234)
   defining Unicode char U+00EB (decimal 235)
   defining Unicode char U+00EC (decimal 236)
   defining Unicode char U+00ED (decimal 237)
   defining Unicode char U+00EE (decimal 238)
   defining Unicode char U+00EF (decimal 239)
   defining Unicode char U+00F0 (decimal 240)
   defining Unicode char U+00F1 (decimal 241)
   defining Unicode char U+00F2 (decimal 242)
   defining Unicode char U+00F3 (decimal 243)
   defining Unicode char U+00F4 (decimal 244)
   defining Unicode char U+00F5 (decimal 245)
   defining Unicode char U+00F6 (decimal 246)
   defining Unicode char U+00F8 (decimal 248)
   defining Unicode char U+00F9 (decimal 249)
   defining Unicode char U+00FA (decimal 250)
   defining Unicode char U+00FB (decimal 251)
   defining Unicode char U+00FC (decimal 252)
   defining Unicode char U+00FD (decimal 253)
   defining Unicode char U+00FE (decimal 254)
   defining Unicode char U+00FF (decimal 255)
   defining Unicode char U+0102 (decimal 258)
   defining Unicode char U+0103 (decimal 259)
   defining Unicode char U+0104 (decimal 260)
   defining Unicode char U+0105 (decimal 261)
   defining Unicode char U+0106 (decimal 262)
   defining Unicode char U+0107 (decimal 263)
   defining Unicode char U+010C (decimal 268)
   defining Unicode char U+010D (decimal 269)
   defining Unicode char U+010E (decimal 270)
   defining Unicode char U+010F (decimal 271)
   defining Unicode char U+0110 (decimal 272)
   defining Unicode char U+0111 (decimal 273)
   defining Unicode char U+0118 (decimal 280)
   defining Unicode char U+0119 (decimal 281)
   defining Unicode char U+011A (decimal 282)
   defining Unicode char U+011B (decimal 283)
   defining Unicode char U+011E (decimal 286)
   defining Unicode char U+011F (decimal 287)
   defining Unicode char U+0130 (decimal 304)
   defining Unicode char U+0131 (decimal 305)
   defining Unicode char U+0132 (decimal 306)
   defining Unicode char U+0133 (decimal 307)
   defining Unicode char U+0139 (decimal 313)
   defining Unicode char U+013A (decimal 314)
   defining Unicode char U+013D (decimal 317)
   defining Unicode char U+013E (decimal 318)
   defining Unicode char U+0141 (decimal 321)
   defining Unicode char U+0142 (decimal 322)
   defining Unicode char U+0143 (decimal 323)
   defining Unicode char U+0144 (decimal 324)
   defining Unicode char U+0147 (decimal 327)
   defining Unicode char U+0148 (decimal 328)
   defining Unicode char U+014A (decimal 330)
   defining Unicode char U+014B (decimal 331)
   defining Unicode char U+0150 (decimal 336)
   defining Unicode char U+0151 (decimal 337)
   defining Unicode char U+0152 (decimal 338)
   defining Unicode char U+0153 (decimal 339)
   defining Unicode char U+0154 (decimal 340)
   defining Unicode char U+0155 (decimal 341)
   defining Unicode char U+0158 (decimal 344)
   defining Unicode char U+0159 (decimal 345)
   defining Unicode char U+015A (decimal 346)
   defining Unicode char U+015B (decimal 347)
   defining Unicode char U+015E (decimal 350)
   defining Unicode char U+015F (decimal 351)
   defining Unicode char U+0160 (decimal 352)
   defining Unicode char U+0161 (decimal 353)
   defining Unicode char U+0162 (decimal 354)
   defining Unicode char U+0163 (decimal 355)
   defining Unicode char U+0164 (decimal 356)
   defining Unicode char U+0165 (decimal 357)
   defining Unicode char U+016E (decimal 366)
   defining Unicode char U+016F (decimal 367)
   defining Unicode char U+0170 (decimal 368)
   defining Unicode char U+0171 (decimal 369)
   defining Unicode char U+0178 (decimal 376)
   defining Unicode char U+0179 (decimal 377)
   defining Unicode char U+017A (decimal 378)
   defining Unicode char U+017B (decimal 379)
   defining Unicode char U+017C (decimal 380)
   defining Unicode char U+017D (decimal 381)
   defining Unicode char U+017E (decimal 382)
   defining Unicode char U+200C (decimal 8204)
   defining Unicode char U+2013 (decimal 8211)
   defining Unicode char U+2014 (decimal 8212)
   defining Unicode char U+2018 (decimal 8216)
   defining Unicode char U+2019 (decimal 8217)
   defining Unicode char U+201A (decimal 8218)
   defining Unicode char U+201C (decimal 8220)
   defining Unicode char U+201D (decimal 8221)
   defining Unicode char U+201E (decimal 8222)
   defining Unicode char U+2030 (decimal 8240)
   defining Unicode char U+2031 (decimal 8241)
   defining Unicode char U+2039 (decimal 8249)
   defining Unicode char U+203A (decimal 8250)
   defining Unicode char U+2423 (decimal 9251)
)
Now handling font encoding OT1 ...
... processing UTF-8 mapping file for font encoding OT1

(/usr/local/texlive/2014/texmf-dist/tex/latex/base/ot1enc.dfu
File: ot1enc.dfu 2008/04/05 v1.1m UTF-8 support for inputenc
   defining Unicode char U+00A1 (decimal 161)
   defining Unicode char U+00A3 (decimal 163)
   defining Unicode char U+00B8 (decimal 184)
   defining Unicode char U+00BF (decimal 191)
   defining Unicode char U+00C5 (decimal 197)
   defining Unicode char U+00C6 (decimal 198)
   defining Unicode char U+00D8 (decimal 216)
   defining Unicode char U+00DF (decimal 223)
   defining Unicode char U+00E6 (decimal 230)
   defining Unicode char U+00EC (decimal 236)
   defining Unicode char U+00ED (decimal 237)
   defining Unicode char U+00EE (decimal 238)
   defining Unicode char U+00EF (decimal 239)
   defining Unicode char U+00F8 (decimal 248)
   defining Unicode char U+0131 (decimal 305)
   defining Unicode char U+0141 (decimal 321)
   defining Unicode char U+0142 (decimal 322)
   defining Unicode char U+0152 (decimal 338)
   defining Unicode char U+0153 (decimal 339)
   defining Unicode char U+2013 (decimal 8211)
   defining Unicode char U+2014 (decimal 8212)
   defining Unicode char U+2018 (decimal 8216)
   defining Unicode char U+2019 (decimal 8217)
   defining Unicode char U+201C (decimal 8220)
   defining Unicode char U+201D (decimal 8221)
)
Now handling font encoding OMS ...
... processing UTF-8 mapping file for font encoding OMS

(/usr/local/texlive/2014/texmf-dist/tex/latex/base/omsenc.dfu
File: omsenc.dfu 2008/04/05 v1.1m UTF-8 support for inputenc
   defining Unicode char U+00A7 (decimal 167)
   defining Unicode char U+00B6 (decimal 182)
   defining Unicode char U+00B7 (decimal 183)
   defining Unicode char U+2020 (decimal 8224)
   defining Unicode char U+2021 (decimal 8225)
   defining Unicode char U+2022 (decimal 8226)
)
Now handling font encoding OMX ...
... no UTF-8 mapping file for font encoding OMX
Now handling font encoding U ...
... no UTF-8 mapping file for font encoding U
   defining Unicode char U+00A9 (decimal 169)
   defining Unicode char U+00AA (decimal 170)
   defining Unicode char U+00AE (decimal 174)
   defining Unicode char U+00BA (decimal 186)
   defining Unicode char U+02C6 (decimal 710)
   defining Unicode char U+02DC (decimal 732)
   defining Unicode char U+200C (decimal 8204)
   defining Unicode char U+2026 (decimal 8230)
   defining Unicode char U+2122 (decimal 8482)
   defining Unicode char U+2423 (decimal 9251)
))
(/usr/local/texlive/2014/texmf-dist/tex/latex/fancyhdr/fancyhdr.sty
\fancy@headwidth=\skip43
\f@ncyO@elh=\skip44
\f@ncyO@erh=\skip45
\f@ncyO@olh=\skip46
\f@ncyO@orh=\skip47
\f@ncyO@elf=\skip48
\f@ncyO@erf=\skip49
\f@ncyO@olf=\skip50
\f@ncyO@orf=\skip51
)
(/usr/local/texlive/2014/texmf-dist/tex/latex/pdfpages/pdfpages.sty
Package: pdfpages 2013/08/25 v0.4v Insert pages of external PDF documents (AM)

(/usr/local/texlive/2014/texmf-dist/tex/latex/base/ifthen.sty
Package: ifthen 2001/05/26 v1.1c Standard LaTeX ifthen package (DPC)
)
(/usr/local/texlive/2014/texmf-dist/tex/latex/tools/calc.sty
Package: calc 2007/08/22 v4.3 Infix arithmetic (KKT,FJ)
\calc@Acount=\count88
\calc@Bcount=\count89
\calc@Adimen=\dimen104
\calc@Bdimen=\dimen105
\calc@Askip=\skip52
\calc@Bskip=\skip53
LaTeX Info: Redefining \setlength on input line 75.
LaTeX Info: Redefining \addtolength on input line 76.
\calc@Ccount=\count90
\calc@Cskip=\skip54
)
(/usr/local/texlive/2014/texmf-dist/tex/latex/eso-pic/eso-pic.sty
Package: eso-pic 2013/10/06 v2.0d eso-pic (RN)

(/usr/local/texlive/2014/texmf-dist/tex/generic/oberdiek/atbegshi.sty
Package: atbegshi 2011/10/05 v1.16 At begin shipout hook (HO)

(/usr/local/texlive/2014/texmf-dist/tex/generic/oberdiek/infwarerr.sty
Package: infwarerr 2010/04/08 v1.3 Providing info/warning/error messages (HO)
)
(/usr/local/texlive/2014/texmf-dist/tex/generic/oberdiek/ltxcmds.sty
Package: ltxcmds 2011/11/09 v1.22 LaTeX kernel commands for general use (HO)
)
(/usr/local/texlive/2014/texmf-dist/tex/generic/oberdiek/ifpdf.sty
Package: ifpdf 2011/01/30 v2.3 Provides the ifpdf switch (HO)
Package ifpdf Info: pdfTeX in PDF mode is detected.
))
(/usr/local/texlive/2014/texmf-dist/tex/latex/graphics/keyval.sty
Package: keyval 2014/05/08 v1.15 key=value parser (DPC)
\KV@toks@=\toks16
)
(/usr/local/texlive/2014/texmf-dist/tex/latex/xcolor/xcolor.sty
Package: xcolor 2007/01/21 v2.11 LaTeX color extensions (UK)

(/usr/local/texlive/2014/texmf-dist/tex/latex/latexconfig/color.cfg
File: color.cfg 2007/01/18 v1.5 color configuration of teTeX/TeXLive
)
Package xcolor Info: Driver file: pdftex.def on input line 225.

(/usr/local/texlive/2014/texmf-dist/tex/latex/pdftex-def/pdftex.def
File: pdftex.def 2011/05/27 v0.06d Graphics/color for pdfTeX
\Gread@gobject=\count91
)
Package xcolor Info: Model `cmy' substituted by `cmy0' on input line 1337.
Package xcolor Info: Model `hsb' substituted by `rgb' on input line 1341.
Package xcolor Info: Model `RGB' extended on input line 1353.
Package xcolor Info: Model `HTML' substituted by `rgb' on input line 1355.
Package xcolor Info: Model `Hsb' substituted by `hsb' on input line 1356.
Package xcolor Info: Model `tHsb' substituted by `hsb' on input line 1357.
Package xcolor Info: Model `HSB' substituted by `hsb' on input line 1358.
Package xcolor Info: Model `Gray' substituted by `gray' on input line 1359.
Package xcolor Info: Model `wave' substituted by `hsb' on input line 1360.
))
(/usr/local/texlive/2014/texmf-dist/tex/latex/graphics/graphicx.sty
Package: graphicx 2014/04/25 v1.0g Enhanced LaTeX Graphics (DPC,SPQR)

(/usr/local/texlive/2014/texmf-dist/tex/latex/graphics/graphics.sty
Package: graphics 2009/02/05 v1.0o Standard LaTeX Graphics (DPC,SPQR)

(/usr/local/texlive/2014/texmf-dist/tex/latex/graphics/trig.sty
Package: trig 1999/03/16 v1.09 sin cos tan (DPC)
)
(/usr/local/texlive/2014/texmf-dist/tex/latex/latexconfig/graphics.cfg
File: graphics.cfg 2010/04/23 v1.9 graphics configuration of TeX Live
)
Package graphics Info: Driver file: pdftex.def on input line 91.
)
\Gin@req@height=\dimen106
\Gin@req@width=\dimen107
)
(/usr/local/texlive/2014/texmf-dist/tex/latex/pdfpages/pppdftex.def
File: pppdftex.def 2013/08/25 v0.4v Pdfpages driver for pdfTeX (AM)
)
\AM@pagebox=\box26
\AM@toc@title=\toks17
\c@AM@survey=\count92
\AM@templatesizebox=\box27
)
(/usr/local/texlive/2014/texmf-dist/tex/latex/url/url.sty
\Urlmuskip=\muskip10
Package: url 2013/09/16  ver 3.4  Verb mode for urls, etc.
)
(/usr/local/texlive/2014/texmf-dist/tex/latex/wrapfig/wrapfig.sty
\wrapoverhang=\dimen108
\WF@size=\dimen109
\c@WF@wrappedlines=\count93
\WF@box=\box28
\WF@everypar=\toks18
Package: wrapfig 2003/01/31  v 3.6
)
(/usr/local/texlive/2014/texmf-dist/tex/latex/geometry/geometry.sty
Package: geometry 2010/09/12 v5.6 Page Geometry

(/usr/local/texlive/2014/texmf-dist/tex/generic/oberdiek/ifvtex.sty
Package: ifvtex 2010/03/01 v1.5 Detect VTeX and its facilities (HO)
Package ifvtex Info: VTeX not detected.
)
(/usr/local/texlive/2014/texmf-dist/tex/generic/ifxetex/ifxetex.sty
Package: ifxetex 2010/09/12 v0.6 Provides ifxetex conditional
)
\Gm@cnth=\count94
\Gm@cntv=\count95
\c@Gm@tempcnt=\count96
\Gm@bindingoffset=\dimen110
\Gm@wd@mp=\dimen111
\Gm@odd@mp=\dimen112
\Gm@even@mp=\dimen113
\Gm@layoutwidth=\dimen114
\Gm@layoutheight=\dimen115
\Gm@layouthoffset=\dimen116
\Gm@layoutvoffset=\dimen117
\Gm@dimlist=\toks19
)
(/usr/local/texlive/2014/texmf-dist/tex/latex/base/textcomp.sty
Package: textcomp 2005/09/27 v1.99g Standard LaTeX package
Package textcomp Info: Sub-encoding information:
(textcomp)               5 = only ISO-Adobe without \textcurrency
(textcomp)               4 = 5 + \texteuro
(textcomp)               3 = 4 + \textohm
(textcomp)               2 = 3 + \textestimated + \textcurrency
(textcomp)               1 = TS1 - \textcircled - \t
(textcomp)               0 = TS1 (full)
(textcomp)             Font families with sub-encoding setting implement
(textcomp)             only a restricted character set as indicated.
(textcomp)             Family '?' is the default used for unknown fonts.
(textcomp)             See the documentation for details.
Package textcomp Info: Setting ? sub-encoding to TS1/1 on input line 71.

(/usr/local/texlive/2014/texmf-dist/tex/latex/base/ts1enc.def
File: ts1enc.def 2001/06/05 v3.0e (jk/car/fm) Standard LaTeX file
Now handling font encoding TS1 ...
... processing UTF-8 mapping file for font encoding TS1

(/usr/local/texlive/2014/texmf-dist/tex/latex/base/ts1enc.dfu
File: ts1enc.dfu 2008/04/05 v1.1m UTF-8 support for inputenc
   defining Unicode char U+00A2 (decimal 162)
   defining Unicode char U+00A3 (decimal 163)
   defining Unicode char U+00A4 (decimal 164)
   defining Unicode char U+00A5 (decimal 165)
   defining Unicode char U+00A6 (decimal 166)
   defining Unicode char U+00A7 (decimal 167)
   defining Unicode char U+00A8 (decimal 168)
   defining Unicode char U+00A9 (decimal 169)
   defining Unicode char U+00AA (decimal 170)
   defining Unicode char U+00AC (decimal 172)
   defining Unicode char U+00AE (decimal 174)
   defining Unicode char U+00AF (decimal 175)
   defining Unicode char U+00B0 (decimal 176)
   defining Unicode char U+00B1 (decimal 177)
   defining Unicode char U+00B2 (decimal 178)
   defining Unicode char U+00B3 (decimal 179)
   defining Unicode char U+00B4 (decimal 180)
   defining Unicode char U+00B5 (decimal 181)
   defining Unicode char U+00B6 (decimal 182)
   defining Unicode char U+00B7 (decimal 183)
   defining Unicode char U+00B9 (decimal 185)
   defining Unicode char U+00BA (decimal 186)
   defining Unicode char U+00BC (decimal 188)
   defining Unicode char U+00BD (decimal 189)
   defining Unicode char U+00BE (decimal 190)
   defining Unicode char U+00D7 (decimal 215)
   defining Unicode char U+00F7 (decimal 247)
   defining Unicode char U+0192 (decimal 402)
   defining Unicode char U+02C7 (decimal 711)
   defining Unicode char U+02D8 (decimal 728)
   defining Unicode char U+02DD (decimal 733)
   defining Unicode char U+0E3F (decimal 3647)
   defining Unicode char U+2016 (decimal 8214)
   defining Unicode char U+2020 (decimal 8224)
   defining Unicode char U+2021 (decimal 8225)
   defining Unicode char U+2022 (decimal 8226)
   defining Unicode char U+2030 (decimal 8240)
   defining Unicode char U+2031 (decimal 8241)
   defining Unicode char U+203B (decimal 8251)
   defining Unicode char U+203D (decimal 8253)
   defining Unicode char U+2044 (decimal 8260)
   defining Unicode char U+204E (decimal 8270)
   defining Unicode char U+2052 (decimal 8274)
   defining Unicode char U+20A1 (decimal 8353)
   defining Unicode char U+20A4 (decimal 8356)
   defining Unicode char U+20A6 (decimal 8358)
   defining Unicode char U+20A9 (decimal 8361)
   defining Unicode char U+20AB (decimal 8363)
   defining Unicode char U+20AC (decimal 8364)
   defining Unicode char U+20B1 (decimal 8369)
   defining Unicode char U+2103 (decimal 8451)
   defining Unicode char U+2116 (decimal 8470)
   defining Unicode char U+2117 (decimal 8471)
   defining Unicode char U+211E (decimal 8478)
   defining Unicode char U+2120 (decimal 8480)
   defining Unicode char U+2122 (decimal 8482)
   defining Unicode char U+2126 (decimal 8486)
   defining Unicode char U+2127 (decimal 8487)
   defining Unicode char U+212E (decimal 8494)
   defining Unicode char U+2190 (decimal 8592)
   defining Unicode char U+2191 (decimal 8593)
   defining Unicode char U+2192 (decimal 8594)
   defining Unicode char U+2193 (decimal 8595)
   defining Unicode char U+2329 (decimal 9001)
   defining Unicode char U+232A (decimal 9002)
   defining Unicode char U+2422 (decimal 9250)
   defining Unicode char U+25E6 (decimal 9702)
   defining Unicode char U+25EF (decimal 9711)
   defining Unicode char U+266A (decimal 9834)
))
LaTeX Info: Redefining \oldstylenums on input line 266.
Package textcomp Info: Setting cmr sub-encoding to TS1/0 on input line 281.
Package textcomp Info: Setting cmss sub-encoding to TS1/0 on input line 282.
Package textcomp Info: Setting cmtt sub-encoding to TS1/0 on input line 283.
Package textcomp Info: Setting cmvtt sub-encoding to TS1/0 on input line 284.
Package textcomp Info: Setting cmbr sub-encoding to TS1/0 on input line 285.
Package textcomp Info: Setting cmtl sub-encoding to TS1/0 on input line 286.
Package textcomp Info: Setting ccr sub-encoding to TS1/0 on input line 287.
Package textcomp Info: Setting ptm sub-encoding to TS1/4 on input line 288.
Package textcomp Info: Setting pcr sub-encoding to TS1/4 on input line 289.
Package textcomp Info: Setting phv sub-encoding to TS1/4 on input line 290.
Package textcomp Info: Setting ppl sub-encoding to TS1/3 on input line 291.
Package textcomp Info: Setting pag sub-encoding to TS1/4 on input line 292.
Package textcomp Info: Setting pbk sub-encoding to TS1/4 on input line 293.
Package textcomp Info: Setting pnc sub-encoding to TS1/4 on input line 294.
Package textcomp Info: Setting pzc sub-encoding to TS1/4 on input line 295.
Package textcomp Info: Setting bch sub-encoding to TS1/4 on input line 296.
Package textcomp Info: Setting put sub-encoding to TS1/5 on input line 297.
Package textcomp Info: Setting uag sub-encoding to TS1/5 on input line 298.
Package textcomp Info: Setting ugq sub-encoding to TS1/5 on input line 299.
Package textcomp Info: Setting ul8 sub-encoding to TS1/4 on input line 300.
Package textcomp Info: Setting ul9 sub-encoding to TS1/4 on input line 301.
Package textcomp Info: Setting augie sub-encoding to TS1/5 on input line 302.
Package textcomp Info: Setting dayrom sub-encoding to TS1/3 on input line 303.
Package textcomp Info: Setting dayroms sub-encoding to TS1/3 on input line 304.

Package textcomp Info: Setting pxr sub-encoding to TS1/0 on input line 305.
Package textcomp Info: Setting pxss sub-encoding to TS1/0 on input line 306.
Package textcomp Info: Setting pxtt sub-encoding to TS1/0 on input line 307.
Package textcomp Info: Setting txr sub-encoding to TS1/0 on input line 308.
Package textcomp Info: Setting txss sub-encoding to TS1/0 on input line 309.
Package textcomp Info: Setting txtt sub-encoding to TS1/0 on input line 310.
Package textcomp Info: Setting lmr sub-encoding to TS1/0 on input line 311.
Package textcomp Info: Setting lmdh sub-encoding to TS1/0 on input line 312.
Package textcomp Info: Setting lmss sub-encoding to TS1/0 on input line 313.
Package textcomp Info: Setting lmssq sub-encoding to TS1/0 on input line 314.
Package textcomp Info: Setting lmvtt sub-encoding to TS1/0 on input line 315.
Package textcomp Info: Setting qhv sub-encoding to TS1/0 on input line 316.
Package textcomp Info: Setting qag sub-encoding to TS1/0 on input line 317.
Package textcomp Info: Setting qbk sub-encoding to TS1/0 on input line 318.
Package textcomp Info: Setting qcr sub-encoding to TS1/0 on input line 319.
Package textcomp Info: Setting qcs sub-encoding to TS1/0 on input line 320.
Package textcomp Info: Setting qpl sub-encoding to TS1/0 on input line 321.
Package textcomp Info: Setting qtm sub-encoding to TS1/0 on input line 322.
Package textcomp Info: Setting qzc sub-encoding to TS1/0 on input line 323.
Package textcomp Info: Setting qhvc sub-encoding to TS1/0 on input line 324.
Package textcomp Info: Setting futs sub-encoding to TS1/4 on input line 325.
Package textcomp Info: Setting futx sub-encoding to TS1/4 on input line 326.
Package textcomp Info: Setting futj sub-encoding to TS1/4 on input line 327.
Package textcomp Info: Setting hlh sub-encoding to TS1/3 on input line 328.
Package textcomp Info: Setting hls sub-encoding to TS1/3 on input line 329.
Package textcomp Info: Setting hlst sub-encoding to TS1/3 on input line 330.
Package textcomp Info: Setting hlct sub-encoding to TS1/5 on input line 331.
Package textcomp Info: Setting hlx sub-encoding to TS1/5 on input line 332.
Package textcomp Info: Setting hlce sub-encoding to TS1/5 on input line 333.
Package textcomp Info: Setting hlcn sub-encoding to TS1/5 on input line 334.
Package textcomp Info: Setting hlcw sub-encoding to TS1/5 on input line 335.
Package textcomp Info: Setting hlcf sub-encoding to TS1/5 on input line 336.
Package textcomp Info: Setting pplx sub-encoding to TS1/3 on input line 337.
Package textcomp Info: Setting pplj sub-encoding to TS1/3 on input line 338.
Package textcomp Info: Setting ptmx sub-encoding to TS1/4 on input line 339.
Package textcomp Info: Setting ptmj sub-encoding to TS1/4 on input line 340.
)
(/usr/local/texlive/2014/texmf-dist/tex/latex/titlesec/titlesec.sty
Package: titlesec 2011/12/15 v2.10.0 Sectioning titles
\ttl@box=\box29
\beforetitleunit=\skip55
\aftertitleunit=\skip56
\ttl@plus=\dimen118
\ttl@minus=\dimen119
\ttl@toksa=\toks20
\titlewidth=\dimen120
\titlewidthlast=\dimen121
\titlewidthfirst=\dimen122
)
(/usr/local/texlive/2014/texmf-dist/tex/latex/listings/listings.sty
\lst@mode=\count97
\lst@gtempboxa=\box30
\lst@token=\toks21
\lst@length=\count98
\lst@currlwidth=\dimen123
\lst@column=\count99
\lst@pos=\count100
\lst@lostspace=\dimen124
\lst@width=\dimen125
\lst@newlines=\count101
\lst@lineno=\count102
\lst@maxwidth=\dimen126

(/usr/local/texlive/2014/texmf-dist/tex/latex/listings/lstmisc.sty
File: lstmisc.sty 2014/03/04 1.5c (Carsten Heinz)
\c@lstnumber=\count103
\lst@skipnumbers=\count104
\lst@framebox=\box31
)
(/usr/local/texlive/2014/texmf-dist/tex/latex/listings/listings.cfg
File: listings.cfg 2014/03/04 1.5c listings configuration
))
Package: listings 2014/03/04 1.5c (Carsten Heinz)
)
(./Main.aux)
\openout1 = `Main.aux'.

LaTeX Font Info:    Checking defaults for OML/cmm/m/it on input line 3.
LaTeX Font Info:    ... okay on input line 3.
LaTeX Font Info:    Checking defaults for T1/cmr/m/n on input line 3.
LaTeX Font Info:    ... okay on input line 3.
LaTeX Font Info:    Checking defaults for OT1/cmr/m/n on input line 3.
LaTeX Font Info:    ... okay on input line 3.
LaTeX Font Info:    Checking defaults for OMS/cmsy/m/n on input line 3.
LaTeX Font Info:    ... okay on input line 3.
LaTeX Font Info:    Checking defaults for OMX/cmex/m/n on input line 3.
LaTeX Font Info:    ... okay on input line 3.
LaTeX Font Info:    Checking defaults for U/cmr/m/n on input line 3.
LaTeX Font Info:    ... okay on input line 3.
LaTeX Font Info:    Checking defaults for TS1/cmr/m/n on input line 3.
LaTeX Font Info:    Try loading font information for TS1+cmr on input line 3.
 (/usr/local/texlive/2014/texmf-dist/tex/latex/base/ts1cmr.fd
File: ts1cmr.fd 1999/05/25 v2.5h Standard LaTeX font definitions
)
LaTeX Font Info:    ... okay on input line 3.
\AtBeginShipoutBox=\box32

(/usr/local/texlive/2014/texmf-dist/tex/context/base/supp-pdf.mkii
[Loading MPS to PDF converter (version 2006.09.02).]
\scratchcounter=\count105
\scratchdimen=\dimen127
\scratchbox=\box33
\nofMPsegments=\count106
\nofMParguments=\count107
\everyMPshowfont=\toks22
\MPscratchCnt=\count108
\MPscratchDim=\dimen128
\MPnumerator=\count109
\makeMPintoPDFobject=\count110
\everyMPtoPDFconversion=\toks23
) (/usr/local/texlive/2014/texmf-dist/tex/generic/oberdiek/pdftexcmds.sty
Package: pdftexcmds 2011/11/29 v0.20 Utility functions of pdfTeX for LuaTeX (HO
)

(/usr/local/texlive/2014/texmf-dist/tex/generic/oberdiek/ifluatex.sty
Package: ifluatex 2010/03/01 v1.3 Provides the ifluatex switch (HO)
Package ifluatex Info: LuaTeX not detected.
)
Package pdftexcmds Info: LuaTeX not detected.
Package pdftexcmds Info: \pdf@primitive is available.
Package pdftexcmds Info: \pdf@ifprimitive is available.
Package pdftexcmds Info: \pdfdraftmode found.
)
(/usr/local/texlive/2014/texmf-dist/tex/latex/oberdiek/epstopdf-base.sty
Package: epstopdf-base 2010/02/09 v2.5 Base part for package epstopdf

(/usr/local/texlive/2014/texmf-dist/tex/latex/oberdiek/grfext.sty
Package: grfext 2010/08/19 v1.1 Manage graphics extensions (HO)

(/usr/local/texlive/2014/texmf-dist/tex/generic/oberdiek/kvdefinekeys.sty
Package: kvdefinekeys 2011/04/07 v1.3 Define keys (HO)
))
(/usr/local/texlive/2014/texmf-dist/tex/latex/oberdiek/kvoptions.sty
Package: kvoptions 2011/06/30 v3.11 Key value format for package options (HO)

(/usr/local/texlive/2014/texmf-dist/tex/generic/oberdiek/kvsetkeys.sty
Package: kvsetkeys 2012/04/25 v1.16 Key value parser (HO)

(/usr/local/texlive/2014/texmf-dist/tex/generic/oberdiek/etexcmds.sty
Package: etexcmds 2011/02/16 v1.5 Avoid name clashes with e-TeX commands (HO)
Package etexcmds Info: Could not find \expanded.
(etexcmds)             That can mean that you are not using pdfTeX 1.50 or
(etexcmds)             that some package has redefined \expanded.
(etexcmds)             In the latter case, load this package earlier.
)))
Package grfext Info: Graphics extension search list:
(grfext)             [.png,.pdf,.jpg,.mps,.jpeg,.jbig2,.jb2,.PNG,.PDF,.JPG,.JPE
G,.JBIG2,.JB2,.eps]
(grfext)             \AppendGraphicsExtensions on input line 452.

(/usr/local/texlive/2014/texmf-dist/tex/latex/latexconfig/epstopdf-sys.cfg
File: epstopdf-sys.cfg 2010/07/13 v1.3 Configuration of (r)epstopdf for TeX Liv
e
))
*geometry* driver: auto-detecting
*geometry* detected driver: pdftex
*geometry* verbose mode - [ preamble ] result:
* driver: pdftex
* paper: a4paper
* layout: <same size as paper>
* layoutoffset:(h,v)=(0.0pt,0.0pt)
* modes: 
* h-part:(L,W,R)=(71.13188pt, 455.24411pt, 71.13188pt)
* v-part:(T,H,B)=(71.13188pt, 702.78308pt, 71.13188pt)
* \paperwidth=597.50787pt
* \paperheight=845.04684pt
* \textwidth=455.24411pt
* \textheight=702.78308pt
* \oddsidemargin=-1.1381pt
* \evensidemargin=-1.1381pt
* \topmargin=-38.1381pt
* \headheight=12.0pt
* \headsep=25.0pt
* \topskip=12.0pt
* \footskip=34.1433pt
* \marginparwidth=35.0pt
* \marginparsep=10.0pt
* \columnsep=10.0pt
* \skip\footins=10.8pt plus 4.0pt minus 2.0pt
* \hoffset=0.0pt
* \voffset=0.0pt
* \mag=1000
* \@twocolumnfalse
* \@twosidefalse
* \@mparswitchfalse
* \@reversemarginfalse
* (1in=72.27pt=25.4mm, 1cm=28.453pt)

\c@lstlisting=\count111
<./data/deckblatt.pdf, id=1, 597.6729pt x 845.55902pt>
File: ./data/deckblatt.pdf Graphic file (type pdf)

<use ./data/deckblatt.pdf>
Package pdftex.def Info: ./data/deckblatt.pdf used on input line 5.
(pdftex.def)             Requested size: 597.67143pt x 845.55696pt.
File: ./data/deckblatt.pdf Graphic file (type pdf)
 <use ./data/deckblatt.pdf>
Package pdftex.def Info: ./data/deckblatt.pdf used on input line 5.
(pdftex.def)             Requested size: 597.67143pt x 845.55696pt.

<./data/deckblatt.pdf, id=4, page=1, 597.6729pt x 845.55902pt>
File: ./data/deckblatt.pdf Graphic file (type pdf)

<use ./data/deckblatt.pdf, page 1>
Package pdftex.def Info: ./data/deckblatt.pdf, page1 used on input line 5.
(pdftex.def)             Requested size: 597.67143pt x 845.55696pt.
File: ./data/deckblatt.pdf Graphic file (type pdf)
 <use ./data/deckblatt.pdf, page 1>
Package pdftex.def Info: ./data/deckblatt.pdf, page1 used on input line 5.
(pdftex.def)             Requested size: 597.69879pt x 845.59566pt.
File: ./data/deckblatt.pdf Graphic file (type pdf)

<use ./data/deckblatt.pdf, page 1>
Package pdftex.def Info: ./data/deckblatt.pdf, page1 used on input line 5.
(pdftex.def)             Requested size: 597.69879pt x 845.59566pt.
File: ./data/deckblatt.pdf Graphic file (type pdf)
 <use ./data/deckblatt.pdf, page 1>
Package pdftex.def Info: ./data/deckblatt.pdf, page1 used on input line 5.
(pdftex.def)             Requested size: 597.69879pt x 845.59566pt.
File: ./data/deckblatt.pdf Graphic file (type pdf)

<use ./data/deckblatt.pdf, page 1>
Package pdftex.def Info: ./data/deckblatt.pdf, page1 used on input line 5.
(pdftex.def)             Requested size: 597.69879pt x 845.59566pt.
 [1

 <./data/deckblatt.pdf>]
File: ./data/deckblatt.pdf Graphic file (type pdf)

<use ./data/deckblatt.pdf>
Package pdftex.def Info: ./data/deckblatt.pdf used on input line 6.
(pdftex.def)             Requested size: 597.67143pt x 845.55696pt.
File: ./data/deckblatt.pdf Graphic file (type pdf)
 <use ./data/deckblatt.pdf>
Package pdftex.def Info: ./data/deckblatt.pdf used on input line 6.
(pdftex.def)             Requested size: 597.67143pt x 845.55696pt.

<./data/deckblatt.pdf, id=42, page=2, 597.6729pt x 845.55902pt>
File: ./data/deckblatt.pdf Graphic file (type pdf)

<use ./data/deckblatt.pdf, page 2>
Package pdftex.def Info: ./data/deckblatt.pdf, page2 used on input line 6.
(pdftex.def)             Requested size: 597.67143pt x 845.55696pt.
File: ./data/deckblatt.pdf Graphic file (type pdf)
 <use ./data/deckblatt.pdf, page 2>
Package pdftex.def Info: ./data/deckblatt.pdf, page2 used on input line 6.
(pdftex.def)             Requested size: 597.69879pt x 845.59566pt.
File: ./data/deckblatt.pdf Graphic file (type pdf)

<use ./data/deckblatt.pdf, page 2>
Package pdftex.def Info: ./data/deckblatt.pdf, page2 used on input line 6.
(pdftex.def)             Requested size: 597.69879pt x 845.59566pt.
File: ./data/deckblatt.pdf Graphic file (type pdf)
 <use ./data/deckblatt.pdf, page 2>
Package pdftex.def Info: ./data/deckblatt.pdf, page2 used on input line 6.
(pdftex.def)             Requested size: 597.69879pt x 845.59566pt.
File: ./data/deckblatt.pdf Graphic file (type pdf)

<use ./data/deckblatt.pdf, page 2>
Package pdftex.def Info: ./data/deckblatt.pdf, page2 used on input line 6.
(pdftex.def)             Requested size: 597.69879pt x 845.59566pt.
 [2 <./data/deckblatt.pdf>] (./Main.toc
LaTeX Font Info:    External font `cmex10' loaded for size
(Font)              <12> on input line 5.
LaTeX Font Info:    External font `cmex10' loaded for size
(Font)              <8> on input line 5.
LaTeX Font Info:    External font `cmex10' loaded for size
(Font)              <6> on input line 5.

[1

{/usr/local/texlive/2014/texmf-var/fonts/map/pdftex/updmap/pdftex.map}])
\tf@toc=\write3
\openout3 = `Main.toc'.


[2] (./content/einleitung.tex
Underfull \hbox (badness 10000) in paragraph at lines 3--8

 []


Underfull \hbox (badness 10000) in paragraph at lines 3--8

 []


Underfull \hbox (badness 10000) in paragraph at lines 3--8

 []


Underfull \hbox (badness 10000) in paragraph at lines 3--8

 []

<./data/dhbwlogo.jpg, id=64, 138.9993pt x 66.9702pt>
File: ./data/dhbwlogo.jpg Graphic file (type jpg)
 <use ./data/dhbwlogo.jpg>
Package pdftex.def Info: ./data/dhbwlogo.jpg used on input line 14.
(pdftex.def)             Requested size: 41.7001pt x 20.0912pt.


Package Fancyhdr Warning: \headheight is too small (12.0pt): 
 Make it at least 27.18335pt.
 We now make it that large for the rest of the document.
 This may cause the page layout to be inconsistent, however.

[3

 <./data/dhbwlogo.jpg>]
File: ./data/dhbwlogo.jpg Graphic file (type jpg)
 <use ./data/dhbwlogo.jpg>
Package pdftex.def Info: ./data/dhbwlogo.jpg used on input line 23.
(pdftex.def)             Requested size: 41.7001pt x 20.0912pt.


Package Fancyhdr Warning: \headheight is too small (12.0pt): 
 Make it at least 27.18335pt.
 We now make it that large for the rest of the document.
 This may cause the page layout to be inconsistent, however.

[4

]
Overfull \hbox (15.0387pt too wide) in paragraph at lines 40--41
[]\OT1/cmr/m/n/12 Der Ent-wurf der An-wen-dungs-sturk-tur f[]ur Ser-ve-r-im-ple
-men-tie-rung und Mobile-
 []

File: ./data/dhbwlogo.jpg Graphic file (type jpg)
<use ./data/dhbwlogo.jpg>
Package pdftex.def Info: ./data/dhbwlogo.jpg used on input line 69.
(pdftex.def)             Requested size: 41.7001pt x 20.0912pt.


Package Fancyhdr Warning: \headheight is too small (12.0pt): 
 Make it at least 27.18335pt.
 We now make it that large for the rest of the document.
 This may cause the page layout to be inconsistent, however.

[5

]
File: ./data/dhbwlogo.jpg Graphic file (type jpg)
 <use ./data/dhbwlogo.jpg>
Package pdftex.def Info: ./data/dhbwlogo.jpg used on input line 125.
(pdftex.def)             Requested size: 41.7001pt x 20.0912pt.


Package Fancyhdr Warning: \headheight is too small (12.0pt): 
 Make it at least 27.18335pt.
 We now make it that large for the rest of the document.
 This may cause the page layout to be inconsistent, however.

[6])
File: ./data/dhbwlogo.jpg Graphic file (type jpg)
 <use ./data/dhbwlogo.jpg>
Package pdftex.def Info: ./data/dhbwlogo.jpg used on input line 17.
(pdftex.def)             Requested size: 41.7001pt x 20.0912pt.


Package Fancyhdr Warning: \headheight is too small (12.0pt): 
 Make it at least 27.18335pt.
 We now make it that large for the rest of the document.
 This may cause the page layout to be inconsistent, however.

[7] (./content/ledpixel.tex
LaTeX Font Info:    External font `cmex10' loaded for size
(Font)              <7> on input line 9.
LaTeX Font Info:    External font `cmex10' loaded for size
(Font)              <5> on input line 9.

Overfull \hbox (17.87183pt too wide) in paragraph at lines 25--34
\OT1/cmr/m/n/12 Framework: Fra-me-work von Adafruit, wel-ches ei-ne sehr leich-
te An-steue-rung erm[]oglichen
 []


Underfull \hbox (badness 10000) in paragraph at lines 25--34

 []

File: ./data/dhbwlogo.jpg Graphic file (type jpg)
<use ./data/dhbwlogo.jpg>
Package pdftex.def Info: ./data/dhbwlogo.jpg used on input line 42.
(pdftex.def)             Requested size: 41.7001pt x 20.0912pt.


Package Fancyhdr Warning: \headheight is too small (12.0pt): 
 Make it at least 27.18335pt.
 We now make it that large for the rest of the document.
 This may cause the page layout to be inconsistent, however.

[8

] <./data/evaluierung-led.png, id=88, 945.5325pt x 143.53625pt>
File: ./data/evaluierung-led.png Graphic file (type png)

<use ./data/evaluierung-led.png>
Package pdftex.def Info: ./data/evaluierung-led.png used on input line 63.
(pdftex.def)             Requested size: 455.24411pt x 69.10905pt.
File: ./data/dhbwlogo.jpg Graphic file (type jpg)
 <use ./data/dhbwlogo.jpg>
Package pdftex.def Info: ./data/dhbwlogo.jpg used on input line 74.
(pdftex.def)             Requested size: 41.7001pt x 20.0912pt.


Package Fancyhdr Warning: \headheight is too small (12.0pt): 
 Make it at least 27.18335pt.
 We now make it that large for the rest of the document.
 This may cause the page layout to be inconsistent, however.

[9 <./data/evaluierung-led.png>]
<./data/TestSchaltungLED.png, id=94, 396.48125pt x 397.485pt>
File: ./data/TestSchaltungLED.png Graphic file (type png)

<use ./data/TestSchaltungLED.png>
Package pdftex.def Info: ./data/TestSchaltungLED.png used on input line 94.
(pdftex.def)             Requested size: 227.62204pt x 228.20032pt.

(/usr/local/texlive/2014/texmf-dist/tex/latex/listings/lstlang1.sty
File: lstlang1.sty 2014/03/04 1.5c listings language file
)
File: ./data/dhbwlogo.jpg Graphic file (type jpg)

<use ./data/dhbwlogo.jpg>
Package pdftex.def Info: ./data/dhbwlogo.jpg used on input line 102.
(pdftex.def)             Requested size: 41.7001pt x 20.0912pt.


Package Fancyhdr Warning: \headheight is too small (12.0pt): 
 Make it at least 27.18335pt.
 We now make it that large for the rest of the document.
 This may cause the page layout to be inconsistent, however.

[10 <./data/TestSchaltungLED.png>])
File: ./data/dhbwlogo.jpg Graphic file (type jpg)
 <use ./data/dhbwlogo.jpg>
Package pdftex.def Info: ./data/dhbwlogo.jpg used on input line 18.
(pdftex.def)             Requested size: 41.7001pt x 20.0912pt.


Package Fancyhdr Warning: \headheight is too small (12.0pt): 
 Make it at least 27.18335pt.
 We now make it that large for the rest of the document.
 This may cause the page layout to be inconsistent, however.

[11] (./content/bewegungssensor.tex
Overfull \hbox (25.14815pt too wide) in paragraph at lines 4--7
\OT1/cmr/m/n/12 Die An-bin-dung an den Raspber-ry Pi soll m[]oglichst leicht re
a-li-sier-bar sein. W[]unschenswert
 []


Underfull \hbox (badness 10000) in paragraph at lines 20--26

 []


Underfull \hbox (badness 10000) in paragraph at lines 26--32

 []


Overfull \hbox (43.76523pt too wide) in paragraph at lines 32--38
\OT1/cmr/m/n/12 Link: $\OT1/cmtt/m/n/12 http : / / www . amazon . de / Pyroelec
trische-[]Infrarot-[]Bewegung-[]Sensor-[]Detektor /
 []


Underfull \hbox (badness 10000) in paragraph at lines 32--38

 []

<./data/evaluierung-ms.png, id=104, 914.41624pt x 124.465pt>
File: ./data/evaluierung-ms.png Graphic file (type png)

<use ./data/evaluierung-ms.png>
Package pdftex.def Info: ./data/evaluierung-ms.png used on input line 42.
(pdftex.def)             Requested size: 455.24411pt x 61.96455pt.


LaTeX Warning: `h' float specifier changed to `ht'.

File: ./data/dhbwlogo.jpg Graphic file (type jpg)
<use ./data/dhbwlogo.jpg>
Package pdftex.def Info: ./data/dhbwlogo.jpg used on input line 48.
(pdftex.def)             Requested size: 41.7001pt x 20.0912pt.


Package Fancyhdr Warning: \headheight is too small (12.0pt): 
 Make it at least 27.18335pt.
 We now make it that large for the rest of the document.
 This may cause the page layout to be inconsistent, however.

[12

]
File: ./data/dhbwlogo.jpg Graphic file (type jpg)
 <use ./data/dhbwlogo.jpg>
Package pdftex.def Info: ./data/dhbwlogo.jpg used on input line 76.
(pdftex.def)             Requested size: 41.7001pt x 20.0912pt.


Package Fancyhdr Warning: \headheight is too small (12.0pt): 
 Make it at least 27.18335pt.
 We now make it that large for the rest of the document.
 This may cause the page layout to be inconsistent, however.

[13 <./data/evaluierung-ms.png>]
LaTeX Font Info:    Try loading font information for OML+cmr on input line 82.

(/usr/local/texlive/2014/texmf-dist/tex/latex/base/omlcmr.fd
File: omlcmr.fd 1999/05/25 v2.5h Standard LaTeX font definitions
)
LaTeX Font Info:    Font shape `OML/cmr/m/n' in size <12> not available
(Font)              Font shape `OML/cmm/m/it' tried instead on input line 82.
)
File: ./data/dhbwlogo.jpg Graphic file (type jpg)

<use ./data/dhbwlogo.jpg>
Package pdftex.def Info: ./data/dhbwlogo.jpg used on input line 19.
(pdftex.def)             Requested size: 41.7001pt x 20.0912pt.


Package Fancyhdr Warning: \headheight is too small (12.0pt): 
 Make it at least 27.18335pt.
 We now make it that large for the rest of the document.
 This may cause the page layout to be inconsistent, however.

[14] (./content/kamera.tex
Overfull \hbox (2.59282pt too wide) in paragraph at lines 2--3
\OT1/cmr/m/n/12 Bei Ausl[]osen des Sys-tem im []Uberwachungsmodus soll ein ak-t
u-el-les Bild der []Uberwachungs-
 []


Underfull \hbox (badness 10000) in paragraph at lines 4--5

 []


Underfull \hbox (badness 10000) in paragraph at lines 7--11

 []

File: ./data/dhbwlogo.jpg Graphic file (type jpg)
<use ./data/dhbwlogo.jpg>
Package pdftex.def Info: ./data/dhbwlogo.jpg used on input line 24.
(pdftex.def)             Requested size: 41.7001pt x 20.0912pt.


Package Fancyhdr Warning: \headheight is too small (12.0pt): 
 Make it at least 27.18335pt.
 We now make it that large for the rest of the document.
 This may cause the page layout to be inconsistent, however.

[15

]
Overfull \hbox (13.62752pt too wide) in paragraph at lines 25--26
\OT1/cmr/m/n/12 tats[]achlichen Video- und Ton-da-ten []ubertragen. So wer-den 
mit RTSP die []Ubertragungsdetails
 []


Underfull \hbox (badness 10000) in paragraph at lines 25--26

 []

<./data/RTSP.png, id=120, 573.14125pt x 401.5pt>
File: ./data/RTSP.png Graphic file (type png)
 <use ./data/RTSP.png>
Package pdftex.def Info: ./data/RTSP.png used on input line 45.
(pdftex.def)             Requested size: 455.24411pt x 318.91528pt.


LaTeX Warning: `h' float specifier changed to `ht'.

File: ./data/dhbwlogo.jpg Graphic file (type jpg)
<use ./data/dhbwlogo.jpg>
Package pdftex.def Info: ./data/dhbwlogo.jpg used on input line 50.
(pdftex.def)             Requested size: 41.7001pt x 20.0912pt.


Package Fancyhdr Warning: \headheight is too small (12.0pt): 
 Make it at least 27.18335pt.
 We now make it that large for the rest of the document.
 This may cause the page layout to be inconsistent, however.

[16]
Underfull \hbox (badness 10000) in paragraph at lines 51--54

 []

File: ./data/dhbwlogo.jpg Graphic file (type jpg)
<use ./data/dhbwlogo.jpg>
Package pdftex.def Info: ./data/dhbwlogo.jpg used on input line 61.
(pdftex.def)             Requested size: 41.7001pt x 20.0912pt.


Package Fancyhdr Warning: \headheight is too small (12.0pt): 
 Make it at least 27.18335pt.
 We now make it that large for the rest of the document.
 This may cause the page layout to be inconsistent, however.

[17 <./data/RTSP.png>] <./data/ffmpeg.png, id=129, 513.92pt x 228.855pt>
File: ./data/ffmpeg.png Graphic file (type png)

<use ./data/ffmpeg.png>
Package pdftex.def Info: ./data/ffmpeg.png used on input line 68.
(pdftex.def)             Requested size: 455.24411pt x 202.73047pt.
File: ./data/dhbwlogo.jpg Graphic file (type jpg)
 <use ./data/dhbwlogo.jpg>
Package pdftex.def Info: ./data/dhbwlogo.jpg used on input line 83.
(pdftex.def)             Requested size: 41.7001pt x 20.0912pt.


Package Fancyhdr Warning: \headheight is too small (12.0pt): 
 Make it at least 27.18335pt.
 We now make it that large for the rest of the document.
 This may cause the page layout to be inconsistent, however.

[18 <./data/ffmpeg.png>]
Underfull \hbox (badness 10000) in paragraph at lines 96--98

 []

File: ./data/dhbwlogo.jpg Graphic file (type jpg)
<use ./data/dhbwlogo.jpg>
Package pdftex.def Info: ./data/dhbwlogo.jpg used on input line 114.
(pdftex.def)             Requested size: 41.7001pt x 20.0912pt.


Package Fancyhdr Warning: \headheight is too small (12.0pt): 
 Make it at least 27.18335pt.
 We now make it that large for the rest of the document.
 This may cause the page layout to be inconsistent, however.

[19] (/usr/local/texlive/2014/texmf-dist/tex/latex/listings/lstlang1.sty
File: lstlang1.sty 2014/03/04 1.5c listings language file
)
(/usr/local/texlive/2014/texmf-dist/tex/latex/listings/lstlang1.sty
File: lstlang1.sty 2014/03/04 1.5c listings language file
)
(/usr/local/texlive/2014/texmf-dist/tex/latex/listings/lstmisc.sty
File: lstmisc.sty 2014/03/04 1.5c (Carsten Heinz)
)
File: ./data/dhbwlogo.jpg Graphic file (type jpg)

<use ./data/dhbwlogo.jpg>
Package pdftex.def Info: ./data/dhbwlogo.jpg used on input line 141.
(pdftex.def)             Requested size: 41.7001pt x 20.0912pt.


Package Fancyhdr Warning: \headheight is too small (12.0pt): 
 Make it at least 27.18335pt.
 We now make it that large for the rest of the document.
 This may cause the page layout to be inconsistent, however.

[20] <./data/httprequest.png, id=140, 432.61626pt x 298.11375pt>
File: ./data/httprequest.png Graphic file (type png)

<use ./data/httprequest.png>
Package pdftex.def Info: ./data/httprequest.png used on input line 144.
(pdftex.def)             Requested size: 409.71692pt x 282.34673pt.
)
File: ./data/dhbwlogo.jpg Graphic file (type jpg)
 <use ./data/dhbwlogo.jpg>
Package pdftex.def Info: ./data/dhbwlogo.jpg used on input line 20.
(pdftex.def)             Requested size: 41.7001pt x 20.0912pt.


Package Fancyhdr Warning: \headheight is too small (12.0pt): 
 Make it at least 27.18335pt.
 We now make it that large for the rest of the document.
 This may cause the page layout to be inconsistent, however.

[21 <./data/httprequest.png>] (./content/secure.tex
Underfull \hbox (badness 10000) in paragraph at lines 4--6

 []


Underfull \hbox (badness 10000) in paragraph at lines 8--10

 []


Underfull \hbox (badness 10000) in paragraph at lines 12--24

 []

File: ./data/dhbwlogo.jpg Graphic file (type jpg)
<use ./data/dhbwlogo.jpg>
Package pdftex.def Info: ./data/dhbwlogo.jpg used on input line 28.
(pdftex.def)             Requested size: 41.7001pt x 20.0912pt.


Package Fancyhdr Warning: \headheight is too small (12.0pt): 
 Make it at least 27.18335pt.
 We now make it that large for the rest of the document.
 This may cause the page layout to be inconsistent, however.

[22

]
Overfull \hbox (84.99962pt too wide) in paragraph at lines 38--39
\OT1/cmr/m/n/12 Der vollst[]andige Co-de ist im Com-mit un-ter $\OT1/cmtt/m/n/1
2 https : / / github . com / hoedding / Studienarbeit-[]Anwendung /
 []


Underfull \hbox (badness 10000) in paragraph at lines 53--55

 []


Underfull \hbox (badness 10000) in paragraph at lines 60--63

 []


Overfull \hbox (4.11366pt too wide) in paragraph at lines 60--63
\OT1/cmr/m/n/12 Die Ge-ne-rie-rung von Zer-ti-fi-ka-ten im Developer-Portal ist
 nur mit g[]ultiger Apple-Developer-
 []

File: ./data/dhbwlogo.jpg Graphic file (type jpg)
<use ./data/dhbwlogo.jpg>
Package pdftex.def Info: ./data/dhbwlogo.jpg used on input line 63.
(pdftex.def)             Requested size: 41.7001pt x 20.0912pt.


Package Fancyhdr Warning: \headheight is too small (12.0pt): 
 Make it at least 27.18335pt.
 We now make it that large for the rest of the document.
 This may cause the page layout to be inconsistent, however.

[23] <./data/wireshark.png, id=152, 1093.08376pt x 123.46124pt>
File: ./data/wireshark.png Graphic file (type png)

<use ./data/wireshark.png>
Package pdftex.def Info: ./data/wireshark.png used on input line 70.
(pdftex.def)             Requested size: 455.24411pt x 51.41818pt.
)
File: ./data/dhbwlogo.jpg Graphic file (type jpg)
 <use ./data/dhbwlogo.jpg>
Package pdftex.def Info: ./data/dhbwlogo.jpg used on input line 21.
(pdftex.def)             Requested size: 41.7001pt x 20.0912pt.


Package Fancyhdr Warning: \headheight is too small (12.0pt): 
 Make it at least 27.18335pt.
 We now make it that large for the rest of the document.
 This may cause the page layout to be inconsistent, however.

[24 <./data/wireshark.png>] (./content/serverprotokoll.tex
Underfull \hbox (badness 10000) in paragraph at lines 9--21

 []

File: ./data/dhbwlogo.jpg Graphic file (type jpg)
<use ./data/dhbwlogo.jpg>
Package pdftex.def Info: ./data/dhbwlogo.jpg used on input line 39.
(pdftex.def)             Requested size: 41.7001pt x 20.0912pt.


Package Fancyhdr Warning: \headheight is too small (12.0pt): 
 Make it at least 27.18335pt.
 We now make it that large for the rest of the document.
 This may cause the page layout to be inconsistent, however.

[25

]
Underfull \hbox (badness 10000) in paragraph at lines 44--45

 []


Underfull \hbox (badness 10000) in paragraph at lines 52--55

 []

File: ./data/dhbwlogo.jpg Graphic file (type jpg)
<use ./data/dhbwlogo.jpg>
Package pdftex.def Info: ./data/dhbwlogo.jpg used on input line 70.
(pdftex.def)             Requested size: 41.7001pt x 20.0912pt.


Package Fancyhdr Warning: \headheight is too small (12.0pt): 
 Make it at least 27.18335pt.
 We now make it that large for the rest of the document.
 This may cause the page layout to be inconsistent, however.

[26]
File: ./data/dhbwlogo.jpg Graphic file (type jpg)
 <use ./data/dhbwlogo.jpg>
Package pdftex.def Info: ./data/dhbwlogo.jpg used on input line 112.
(pdftex.def)             Requested size: 41.7001pt x 20.0912pt.


Package Fancyhdr Warning: \headheight is too small (12.0pt): 
 Make it at least 27.18335pt.
 We now make it that large for the rest of the document.
 This may cause the page layout to be inconsistent, however.

[27])
File: ./data/dhbwlogo.jpg Graphic file (type jpg)
 <use ./data/dhbwlogo.jpg>
Package pdftex.def Info: ./data/dhbwlogo.jpg used on input line 22.
(pdftex.def)             Requested size: 41.7001pt x 20.0912pt.


Package Fancyhdr Warning: \headheight is too small (12.0pt): 
 Make it at least 27.18335pt.
 We now make it that large for the rest of the document.
 This may cause the page layout to be inconsistent, however.

[28] (./content/anwendungskonzept.tex
<./data/ApplicationConcept.png, id=169, 632.3625pt x 404.51125pt>
File: ./data/ApplicationConcept.png Graphic file (type png)

<use ./data/ApplicationConcept.png>
Package pdftex.def Info: ./data/ApplicationConcept.png used on input line 7.
(pdftex.def)             Requested size: 455.24411pt x 291.21701pt.
File: ./data/dhbwlogo.jpg Graphic file (type jpg)
 <use ./data/dhbwlogo.jpg>
Package pdftex.def Info: ./data/dhbwlogo.jpg used on input line 23.
(pdftex.def)             Requested size: 41.7001pt x 20.0912pt.


Package Fancyhdr Warning: \headheight is too small (12.0pt): 
 Make it at least 27.18335pt.
 We now make it that large for the rest of the document.
 This may cause the page layout to be inconsistent, however.

[29

 <./data/ApplicationConcept.png>]
Underfull \hbox (badness 10000) in paragraph at lines 32--34

 []

File: ./data/dhbwlogo.jpg Graphic file (type jpg)
<use ./data/dhbwlogo.jpg>
Package pdftex.def Info: ./data/dhbwlogo.jpg used on input line 55.
(pdftex.def)             Requested size: 41.7001pt x 20.0912pt.


Package Fancyhdr Warning: \headheight is too small (12.0pt): 
 Make it at least 27.18335pt.
 We now make it that large for the rest of the document.
 This may cause the page layout to be inconsistent, however.

[30]
LaTeX Font Info:    Try loading font information for OMS+cmr on input line 59.
 (/usr/local/texlive/2014/texmf-dist/tex/latex/base/omscmr.fd
File: omscmr.fd 1999/05/25 v2.5h Standard LaTeX font definitions
)
LaTeX Font Info:    Font shape `OMS/cmr/m/n' in size <12> not available
(Font)              Font shape `OMS/cmsy/m/n' tried instead on input line 59.

Overfull \hbox (74.0289pt too wide) in paragraph at lines 95--96
\OT1/cmr/m/n/12 Die kom-plet-te Klas-se ist ein-seh-bar un-ter: $\OT1/cmtt/m/n/
12 https : / / github . com / hoedding / Studienarbeit-[]Anwendung /
 []


Underfull \hbox (badness 10000) in paragraph at lines 95--96

 []


Underfull \hbox (badness 10000) in paragraph at lines 95--96

 []

File: ./data/dhbwlogo.jpg Graphic file (type jpg)
<use ./data/dhbwlogo.jpg>
Package pdftex.def Info: ./data/dhbwlogo.jpg used on input line 98.
(pdftex.def)             Requested size: 41.7001pt x 20.0912pt.


Package Fancyhdr Warning: \headheight is too small (12.0pt): 
 Make it at least 27.18335pt.
 We now make it that large for the rest of the document.
 This may cause the page layout to be inconsistent, however.

[31]
File: ./data/dhbwlogo.jpg Graphic file (type jpg)
 <use ./data/dhbwlogo.jpg>
Package pdftex.def Info: ./data/dhbwlogo.jpg used on input line 147.
(pdftex.def)             Requested size: 41.7001pt x 20.0912pt.


Package Fancyhdr Warning: \headheight is too small (12.0pt): 
 Make it at least 27.18335pt.
 We now make it that large for the rest of the document.
 This may cause the page layout to be inconsistent, however.

[32]
Overfull \hbox (24.94469pt too wide) in paragraph at lines 165--166
\OT1/cmr/m/n/12 Der vollst[]andige Co-de ist un-ter $\OT1/cmtt/m/n/12 https : /
 / github . com / hoedding / Studienarbeit-[]Anwendung /
 []

(/usr/local/texlive/2014/texmf-dist/tex/latex/listings/lstlang1.sty
File: lstlang1.sty 2014/03/04 1.5c listings language file
)
(/usr/local/texlive/2014/texmf-dist/tex/latex/listings/lstmisc.sty
File: lstmisc.sty 2014/03/04 1.5c (Carsten Heinz)
)
File: ./data/dhbwlogo.jpg Graphic file (type jpg)

<use ./data/dhbwlogo.jpg>
Package pdftex.def Info: ./data/dhbwlogo.jpg used on input line 194.
(pdftex.def)             Requested size: 41.7001pt x 20.0912pt.


Package Fancyhdr Warning: \headheight is too small (12.0pt): 
 Make it at least 27.18335pt.
 We now make it that large for the rest of the document.
 This may cause the page layout to be inconsistent, however.

[33]
File: ./data/dhbwlogo.jpg Graphic file (type jpg)
 <use ./data/dhbwlogo.jpg>
Package pdftex.def Info: ./data/dhbwlogo.jpg used on input line 230.
(pdftex.def)             Requested size: 41.7001pt x 20.0912pt.


Package Fancyhdr Warning: \headheight is too small (12.0pt): 
 Make it at least 27.18335pt.
 We now make it that large for the rest of the document.
 This may cause the page layout to be inconsistent, however.

[34]
File: ./data/dhbwlogo.jpg Graphic file (type jpg)
 <use ./data/dhbwlogo.jpg>
Package pdftex.def Info: ./data/dhbwlogo.jpg used on input line 274.
(pdftex.def)             Requested size: 41.7001pt x 20.0912pt.


Package Fancyhdr Warning: \headheight is too small (12.0pt): 
 Make it at least 27.18335pt.
 We now make it that large for the rest of the document.
 This may cause the page layout to be inconsistent, however.

[35]
File: ./data/dhbwlogo.jpg Graphic file (type jpg)
 <use ./data/dhbwlogo.jpg>
Package pdftex.def Info: ./data/dhbwlogo.jpg used on input line 318.
(pdftex.def)             Requested size: 41.7001pt x 20.0912pt.


Package Fancyhdr Warning: \headheight is too small (12.0pt): 
 Make it at least 27.18335pt.
 We now make it that large for the rest of the document.
 This may cause the page layout to be inconsistent, however.

[36] <./data/Threads.png, id=198, 284.06125pt x 190.7125pt>
File: ./data/Threads.png Graphic file (type png)

<use ./data/Threads.png>
Package pdftex.def Info: ./data/Threads.png used on input line 349.
(pdftex.def)             Requested size: 136.57462pt x 91.69518pt.

Underfull \hbox (badness 1281) in paragraph at lines 356--357
[][] []\OT1/cmr/bx/n/12 Pro-blem[] \OT1/cmr/m/n/12 Die Server-Klasse und Sensor
-Klasse
 []

File: ./data/dhbwlogo.jpg Graphic file (type jpg)
<use ./data/dhbwlogo.jpg>
Package pdftex.def Info: ./data/dhbwlogo.jpg used on input line 359.
(pdftex.def)             Requested size: 41.7001pt x 20.0912pt.


Package Fancyhdr Warning: \headheight is too small (12.0pt): 
 Make it at least 27.18335pt.
 We now make it that large for the rest of the document.
 This may cause the page layout to be inconsistent, however.

[37 <./data/Threads.png>]
File: ./data/dhbwlogo.jpg Graphic file (type jpg)
 <use ./data/dhbwlogo.jpg>
Package pdftex.def Info: ./data/dhbwlogo.jpg used on input line 404.
(pdftex.def)             Requested size: 41.7001pt x 20.0912pt.


Package Fancyhdr Warning: \headheight is too small (12.0pt): 
 Make it at least 27.18335pt.
 We now make it that large for the rest of the document.
 This may cause the page layout to be inconsistent, however.

[38])
File: ./data/dhbwlogo.jpg Graphic file (type jpg)
 <use ./data/dhbwlogo.jpg>
Package pdftex.def Info: ./data/dhbwlogo.jpg used on input line 23.
(pdftex.def)             Requested size: 41.7001pt x 20.0912pt.


Package Fancyhdr Warning: \headheight is too small (12.0pt): 
 Make it at least 27.18335pt.
 We now make it that large for the rest of the document.
 This may cause the page layout to be inconsistent, however.

[39] (./content/konfiguration.tex)
File: ./data/dhbwlogo.jpg Graphic file (type jpg)
 <use ./data/dhbwlogo.jpg>
Package pdftex.def Info: ./data/dhbwlogo.jpg used on input line 24.
(pdftex.def)             Requested size: 41.7001pt x 20.0912pt.


Package Fancyhdr Warning: \headheight is too small (12.0pt): 
 Make it at least 27.18335pt.
 We now make it that large for the rest of the document.
 This may cause the page layout to be inconsistent, however.

[40

] (./content/ios.tex
Overfull \hbox (117.08191pt too wide) in paragraph at lines 39--40
\OT1/cmr/m/n/12 Die vollst[]andige Im-ple-men-tie-rung von mir ist auf Github e
in-seh-bar (https://github.com/hoedding/Studienarbeit-
 []

File: ./data/dhbwlogo.jpg Graphic file (type jpg)
<use ./data/dhbwlogo.jpg>
Package pdftex.def Info: ./data/dhbwlogo.jpg used on input line 41.
(pdftex.def)             Requested size: 41.7001pt x 20.0912pt.


Package Fancyhdr Warning: \headheight is too small (12.0pt): 
 Make it at least 27.18335pt.
 We now make it that large for the rest of the document.
 This may cause the page layout to be inconsistent, however.

[41

]
Underfull \hbox (badness 10000) in paragraph at lines 42--45

 []


Overfull \hbox (93.58215pt too wide) in paragraph at lines 74--75
[]\OT1/cmr/m/n/12 Die vollst[]andige Im-ple-men-tie-rung ist auf Github ein-seh
-bar (https://github.com/hoedding/Studienarbeit-
 []

File: ./data/dhbwlogo.jpg Graphic file (type jpg)
<use ./data/dhbwlogo.jpg>
Package pdftex.def Info: ./data/dhbwlogo.jpg used on input line 76.
(pdftex.def)             Requested size: 41.7001pt x 20.0912pt.


Package Fancyhdr Warning: \headheight is too small (12.0pt): 
 Make it at least 27.18335pt.
 We now make it that large for the rest of the document.
 This may cause the page layout to be inconsistent, however.

[42]
Overfull \hbox (11.7594pt too wide) in paragraph at lines 77--78
\OT1/cmr/m/n/12 Da-ten-bank ba-siert auf ei-nem ta-bel-len-ba-sier-ten re-la-ti
o-na-len Da-ten-bank-mo-dell. Grunds[]atzlich
 []

<./data/entityconfig.png, id=219, 321.2pt x 422.57875pt>
File: ./data/entityconfig.png Graphic file (type png)

<use ./data/entityconfig.png>
Package pdftex.def Info: ./data/entityconfig.png used on input line 82.
(pdftex.def)             Requested size: 227.62206pt x 299.47203pt.
File: ./data/dhbwlogo.jpg Graphic file (type jpg)
 <use ./data/dhbwlogo.jpg>
Package pdftex.def Info: ./data/dhbwlogo.jpg used on input line 100.
(pdftex.def)             Requested size: 41.7001pt x 20.0912pt.


Package Fancyhdr Warning: \headheight is too small (12.0pt): 
 Make it at least 27.18335pt.
 We now make it that large for the rest of the document.
 This may cause the page layout to be inconsistent, however.

[43 <./data/entityconfig.png>]
<./data/konzept.png, id=224, 444.66125pt x 591.20876pt>
File: ./data/konzept.png Graphic file (type png)

<use ./data/konzept.png>
Package pdftex.def Info: ./data/konzept.png used on input line 115.
(pdftex.def)             Requested size: 273.14923pt x 363.17174pt.
File: ./data/dhbwlogo.jpg Graphic file (type jpg)
 <use ./data/dhbwlogo.jpg>
Package pdftex.def Info: ./data/dhbwlogo.jpg used on input line 122.
(pdftex.def)             Requested size: 41.7001pt x 20.0912pt.


Package Fancyhdr Warning: \headheight is too small (12.0pt): 
 Make it at least 27.18335pt.
 We now make it that large for the rest of the document.
 This may cause the page layout to be inconsistent, however.

[44 <./data/konzept.png>])
File: ./data/dhbwlogo.jpg Graphic file (type jpg)
 <use ./data/dhbwlogo.jpg>
Package pdftex.def Info: ./data/dhbwlogo.jpg used on input line 25.
(pdftex.def)             Requested size: 41.7001pt x 20.0912pt.


Package Fancyhdr Warning: \headheight is too small (12.0pt): 
 Make it at least 27.18335pt.
 We now make it that large for the rest of the document.
 This may cause the page layout to be inconsistent, however.

[45] (./content/umsetzung.tex
<./data/eagle.png, id=232, 760.8425pt x 433.62pt>
File: ./data/eagle.png Graphic file (type png)
 <use ./data/eagle.png>
Package pdftex.def Info: ./data/eagle.png used on input line 7.
(pdftex.def)             Requested size: 364.19667pt x 207.56621pt.

Underfull \hbox (badness 10000) in paragraph at lines 1--11

 []


Underfull \hbox (badness 10000) in paragraph at lines 1--11

 []

)
File: ./data/dhbwlogo.jpg Graphic file (type jpg)
 <use ./data/dhbwlogo.jpg>
Package pdftex.def Info: ./data/dhbwlogo.jpg used on input line 26.
(pdftex.def)             Requested size: 41.7001pt x 20.0912pt.


Package Fancyhdr Warning: \headheight is too small (12.0pt): 
 Make it at least 27.18335pt.
 We now make it that large for the rest of the document.
 This may cause the page layout to be inconsistent, however.

[46

 <./data/eagle.png>] (./content/fazit.tex) (./content/verzeichnis.tex
File: ./data/dhbwlogo.jpg Graphic file (type jpg)

<use ./data/dhbwlogo.jpg>
Package pdftex.def Info: ./data/dhbwlogo.jpg used on input line 2.
(pdftex.def)             Requested size: 41.7001pt x 20.0912pt.


Package Fancyhdr Warning: \headheight is too small (12.0pt): 
 Make it at least 27.18335pt.
 We now make it that large for the rest of the document.
 This may cause the page layout to be inconsistent, however.

[47

] (./Main.lof)
\tf@lof=\write4
\openout4 = `Main.lof'.

File: ./data/dhbwlogo.jpg Graphic file (type jpg)
 <use ./data/dhbwlogo.jpg>
Package pdftex.def Info: ./data/dhbwlogo.jpg used on input line 7.
(pdftex.def)             Requested size: 41.7001pt x 20.0912pt.


Package Fancyhdr Warning: \headheight is too small (12.0pt): 
 Make it at least 27.18335pt.
 We now make it that large for the rest of the document.
 This may cause the page layout to be inconsistent, however.

[48

] (./Main.lol)
\tf@lol=\write5
\openout5 = `Main.lol'.

File: ./data/dhbwlogo.jpg Graphic file (type jpg)
 <use ./data/dhbwlogo.jpg>
Package pdftex.def Info: ./data/dhbwlogo.jpg used on input line 13.
(pdftex.def)             Requested size: 41.7001pt x 20.0912pt.


Package Fancyhdr Warning: \headheight is too small (12.0pt): 
 Make it at least 27.18335pt.
 We now make it that large for the rest of the document.
 This may cause the page layout to be inconsistent, however.

[49


]
Underfull \hbox (badness 10000) in paragraph at lines 14--17
\OT1/cmtt/m/n/12 / / www . swr . de / unternehmen / unternehmen / kennzahlen /
 []


Underfull \hbox (badness 10000) in paragraph at lines 14--17
\OT1/cmtt/m/n/12 kennzahlen-[]organisation / -[] / id = 12213420 / did = 123029
78 /
 []

)
File: ./data/dhbwlogo.jpg Graphic file (type jpg)
 <use ./data/dhbwlogo.jpg>
Package pdftex.def Info: ./data/dhbwlogo.jpg used on input line 30.
(pdftex.def)             Requested size: 41.7001pt x 20.0912pt.


Package Fancyhdr Warning: \headheight is too small (12.0pt): 
 Make it at least 27.18335pt.
 We now make it that large for the rest of the document.
 This may cause the page layout to be inconsistent, however.

[50

] (./Main.aux) ) 
Here is how much of TeX's memory you used:
 7658 strings out of 493117
 105608 string characters out of 6135434
 343469 words of memory out of 5000000
 10937 multiletter control sequences out of 15000+600000
 8400 words of font info for 30 fonts, out of 8000000 for 9000
 1141 hyphenation exceptions out of 8191
 39i,18n,60p,699b,1978s stack positions out of 5000i,500n,10000p,200000b,80000s
{/usr/local/texlive/2014/texmf-dist/fonts/enc/dvips/cm-super/cm
-super-ts1.enc}</usr/local/texlive/2014/texmf-dist/fonts/type1/public/amsfonts/
cm/cmbx12.pfb></usr/local/texlive/2014/texmf-dist/fonts/type1/public/amsfonts/c
m/cmmi12.pfb></usr/local/texlive/2014/texmf-dist/fonts/type1/public/amsfonts/cm
/cmr10.pfb></usr/local/texlive/2014/texmf-dist/fonts/type1/public/amsfonts/cm/c
mr12.pfb></usr/local/texlive/2014/texmf-dist/fonts/type1/public/amsfonts/cm/cmr
7.pfb></usr/local/texlive/2014/texmf-dist/fonts/type1/public/amsfonts/cm/cmr8.p
fb></usr/local/texlive/2014/texmf-dist/fonts/type1/public/amsfonts/cm/cmsy10.pf
b></usr/local/texlive/2014/texmf-dist/fonts/type1/public/amsfonts/cm/cmtt12.pfb
></usr/local/texlive/2014/texmf-dist/fonts/type1/public/cm-super/sfrm1200.pfb>
Output written on Main.pdf (52 pages, 573013 bytes).
PDF statistics:
 283 PDF objects out of 1000 (max. 8388607)
 175 compressed objects within 2 object streams
 0 named destinations out of 1000 (max. 500000)
 101 words of extra memory for PDF output out of 10000 (max. 10000000)

